<?xml version="1.0" encoding="UTF-8"?>
<testsuite name="Login Test"
           tests="2"
           failures="0"
           errors="0"
           skipped="0"
           time="8.847">
  <properties />
  
  
            <testcase name="verifyTheErrorMessageWithInValidCredentials" time="4.917" classname="com.tricentis.demowedbshop.testsuite.LoginPageTest" />
                <testcase name="userShouldNavigateToLoginPageSuccessFully" time="3.930" classname="com.tricentis.demowedbshop.testsuite.LoginPageTest" />
      
</testsuite>
